<?xml version="1.0" encoding="UTF-8"?>
<testng-results skipped="0" failed="0" ignored="0" total="1" passed="1">
  <reporter-output>
  </reporter-output>
  <suite name="Default suite" duration-ms="1532" started-at="2019-02-26T06:29:41Z" finished-at="2019-02-26T06:29:43Z">
    <groups>
    </groups>
    <test name="Default test" duration-ms="1532" started-at="2019-02-26T06:29:41Z" finished-at="2019-02-26T06:29:43Z">
      <class name="com.jbk.ExtentReport">
        <test-method status="PASS" signature="loginTest()[pri:0, instance:com.jbk.ExtentReport@1efef64]" name="loginTest" duration-ms="1385" started-at="2019-02-26T06:29:42Z" finished-at="2019-02-26T06:29:43Z">
          <reporter-output>
          </reporter-output>
        </test-method> <!-- loginTest -->
      </class> <!-- com.jbk.ExtentReport -->
    </test> <!-- Default test -->
  </suite> <!-- Default suite -->
</testng-results>
